This file contains any messages produced by compilers while
running configure, to aid debugging if configure makes a mistake.

It was created by schedule configure 0.0.0, which was
generated by GNU Autoconf 2.59.  Invocation command line was

  $ ./configure --prefix=/Users/tom/apps/kahua --with-site-bundle=/Users/tom/tmp/site

## --------- ##
## Platform. ##
## --------- ##

hostname = tom-ibook.local
uname -m = Power Macintosh
uname -r = 8.11.0
uname -s = Darwin
uname -v = Darwin Kernel Version 8.11.0: Wed Oct 10 18:26:00 PDT 2007; root:xnu-792.24.17~1/RELEASE_PPC

/usr/bin/uname -p = powerpc
/bin/uname -X     = unknown

/bin/arch              = unknown
/usr/bin/arch -k       = unknown
/usr/convex/getsysinfo = unknown
hostinfo               = Mach kernel version:
	 Darwin Kernel Version 8.11.0: Wed Oct 10 18:26:00 PDT 2007; root:xnu-792.24.17~1/RELEASE_PPC
Kernel configured for a single processor only.
1 processor is physically available.
Processor type: ppc7450 (PowerPC 7450)
Processor active: 0
Primary memory available: 1.00 gigabytes
Default processor set: 73 tasks, 281 threads, 1 processors
Load average: 3.27, Mach factor: 0.21
/bin/machine           = unknown
/usr/bin/oslevel       = unknown
/bin/universe          = unknown

PATH: /Users/tom/apps/vim/bin
PATH: /Users/tom/apps/ruby19/bin
PATH: /Users/tom/apps/perl510/bin
PATH: /Users/tom/apps/lua/bin
PATH: /Users/tom/apps/ghc681/bin
PATH: /Users/tom/apps/gecko-sdk/bin
PATH: /Users/tom/apps/erlang/bin
PATH: /Users/tom/apps/binutils/bin
PATH: /Users/tom/apps/aspectj1.5/bin
PATH: /Users/tom/apps/vim/bin
PATH: /Users/tom/apps/ruby19/bin
PATH: /Users/tom/apps/perl510/bin
PATH: /Users/tom/apps/lua/bin
PATH: /Users/tom/apps/ghc681/bin
PATH: /Users/tom/apps/gecko-sdk/bin
PATH: /Users/tom/apps/erlang/bin
PATH: /Users/tom/apps/binutils/bin
PATH: /Users/tom/apps/aspectj1.5/bin
PATH: /usr/bin
PATH: /bin
PATH: /usr/sbin
PATH: /sbin
PATH: /Users/tom/src/bin
PATH: /usr/local/bin
PATH: /sw/bin
PATH: /opt/local/bin
PATH: /Users/tom/bin
PATH: /usr/local/mysql/bin
PATH: /Users/tom/Qt/bin
PATH: /Users/tom/apps/bin
PATH: /Users/tom/da/bin
PATH: /Users/tom/apps/aspectj1.5/bin
PATH: .
PATH: /Users/tom/src/bin
PATH: /usr/local/bin
PATH: /sw/bin
PATH: /opt/local/bin
PATH: /Users/tom/bin
PATH: /usr/local/mysql/bin
PATH: /Users/tom/Qt/bin
PATH: /Users/tom/apps/bin
PATH: /Users/tom/da/bin
PATH: /Users/tom/apps/aspectj1.5/bin


## ----------- ##
## Core tests. ##
## ----------- ##

configure:1252: checking for gosh
configure:1270: found /Users/tom/apps/bin/gosh
configure:1282: result: /Users/tom/apps/bin/gosh
configure:1296: checking for kahua-install
configure:1314: found /Users/tom/apps/kahua/bin/kahua-install
configure:1326: result: /Users/tom/apps/kahua/bin/kahua-install
configure:1375: checking for a BSD-compatible install
configure:1430: result: /usr/bin/install -c
configure:1596: creating ./config.status

## ---------------------- ##
## Running config.status. ##
## ---------------------- ##

This file was extended by schedule config.status 0.0.0, which was
generated by GNU Autoconf 2.59.  Invocation command line was

  CONFIG_FILES    = 
  CONFIG_HEADERS  = 
  CONFIG_LINKS    = 
  CONFIG_COMMANDS = 
  $ ./config.status 

on tom-ibook.local

config.status:635: creating Makefile

## ---------------- ##
## Cache variables. ##
## ---------------- ##

ac_cv_env_build_alias_set=
ac_cv_env_build_alias_value=
ac_cv_env_host_alias_set=
ac_cv_env_host_alias_value=
ac_cv_env_target_alias_set=
ac_cv_env_target_alias_value=
ac_cv_path_GOSH=/Users/tom/apps/bin/gosh
ac_cv_path_KAHUA_INSTALL=/Users/tom/apps/kahua/bin/kahua-install
ac_cv_path_install='/usr/bin/install -c'

## ----------------- ##
## Output variables. ##
## ----------------- ##

DEFS='-DPACKAGE_NAME=\"schedule\" -DPACKAGE_TARNAME=\"schedule\" -DPACKAGE_VERSION=\"0.0.0\" -DPACKAGE_STRING=\"schedule\ 0.0.0\" -DPACKAGE_BUGREPORT=\"tom.lpsd@gmail.com\" '
ECHO_C=''
ECHO_N='-n'
ECHO_T=''
GOSH='/Users/tom/apps/bin/gosh'
INSTALL_DATA='${INSTALL} -m 644'
INSTALL_PROGRAM='${INSTALL}'
INSTALL_SCRIPT='${INSTALL}'
KAHUACONFIG_OPTION=' -S /Users/tom/tmp/site'
KAHUA_INSTALL='/Users/tom/apps/kahua/bin/kahua-install'
LIBOBJS=''
LIBS=''
LTLIBOBJS=''
PACKAGE_BUGREPORT='tom.lpsd@gmail.com'
PACKAGE_NAME='schedule'
PACKAGE_STRING='schedule 0.0.0'
PACKAGE_TARNAME='schedule'
PACKAGE_VERSION='0.0.0'
PATH_SEPARATOR=':'
SHELL='/bin/sh'
bindir='${exec_prefix}/bin'
build_alias=''
datadir='${prefix}/share'
exec_prefix='${prefix}'
host_alias=''
includedir='${prefix}/include'
infodir='${prefix}/info'
libdir='${exec_prefix}/lib'
libexecdir='${exec_prefix}/libexec'
localstatedir='${prefix}/var'
mandir='${prefix}/man'
oldincludedir='/usr/include'
prefix='/Users/tom/apps/kahua'
program_transform_name='s,x,x,'
sbindir='${exec_prefix}/sbin'
sharedstatedir='${prefix}/com'
sysconfdir='${prefix}/etc'
target_alias=''

## ----------- ##
## confdefs.h. ##
## ----------- ##

#define PACKAGE_BUGREPORT "tom.lpsd@gmail.com"
#define PACKAGE_NAME "schedule"
#define PACKAGE_STRING "schedule 0.0.0"
#define PACKAGE_TARNAME "schedule"
#define PACKAGE_VERSION "0.0.0"

configure: exit 0
